RUN	tatkalcare.customer.CustomerSimulation	customersimulation	1678884952750	 	3.9.2
USER	Login10	START	1678884954037
USER	Login8	START	1678884954037
USER	Login6	START	1678884954039
USER	Login4	START	1678884954040
USER	Login3	START	1678884954041
USER	Login5	START	1678884954042
USER	Login9	START	1678884954042
USER	Login1	START	1678884954043
USER	Login2	START	1678884954044
USER	Login7	START	1678884954045
REQUEST		login	1678884954034	1678884954667	OK	 
REQUEST		login	1678884954044	1678884954633	OK	 
REQUEST		login	1678884954045	1678884954790	OK	 
REQUEST		login	1678884954038	1678884954983	OK	 
REQUEST		login	1678884954034	1678884954997	OK	 
REQUEST		login	1678884954043	1678884955006	OK	 
REQUEST		login	1678884954041	1678884955077	OK	 
REQUEST		login	1678884954038	1678884955143	OK	 
REQUEST		login	1678884954042	1678884955209	OK	 
REQUEST		login	1678884954040	1678884955481	OK	 
REQUEST		search-doctor-with-keyword	1678884954719	1678884956881	OK	 
REQUEST		search-doctor-with-keyword	1678884954998	1678884956931	OK	 
REQUEST		search-doctor-with-keyword	1678884955078	1678884957171	OK	 
REQUEST		search-doctor-with-keyword	1678884954792	1678884957228	OK	 
REQUEST		search-doctor-with-keyword	1678884954986	1678884957240	OK	 
REQUEST		search-doctor-with-keyword	1678884955008	1678884957260	OK	 
REQUEST		search-doctor-with-keyword	1678884954720	1678884957354	OK	 
REQUEST		search-doctor-with-keyword	1678884955144	1678884957468	OK	 
REQUEST		search-doctor-with-keyword	1678884955210	1678884957825	OK	 
REQUEST		search-doctor-with-keyword	1678884955482	1678884958063	OK	 
REQUEST		search-doctor-by-department	1678884956933	1678884960127	OK	 
REQUEST		search-doctor-by-department	1678884956889	1678884960135	OK	 
REQUEST		search-doctor-by-department	1678884957356	1678884960280	OK	 
REQUEST		search-doctor-by-department	1678884957172	1678884960321	OK	 
REQUEST		search-doctor-by-department	1678884957241	1678884960322	OK	 
REQUEST		search-doctor-by-department	1678884957229	1678884960354	OK	 
REQUEST		search-doctor-by-department	1678884957261	1678884960395	OK	 
REQUEST		search-doctor-by-department	1678884957474	1678884960878	OK	 
REQUEST		search-doctor-by-department	1678884957827	1678884961105	OK	 
REQUEST		search-doctor-by-department	1678884958065	1678884961465	OK	 
REQUEST		search-doctor-by-symptom	1678884960401	1678884962157	OK	 
REQUEST		search-doctor-by-symptom	1678884960129	1678884962340	OK	 
REQUEST		search-doctor-by-symptom	1678884960325	1678884962484	OK	 
REQUEST		search-doctor-by-symptom	1678884960370	1678884962491	OK	 
REQUEST		search-doctor-by-symptom	1678884960324	1678884962653	OK	 
REQUEST		search-doctor-by-symptom	1678884960137	1678884963011	OK	 
REQUEST		search-doctor-by-symptom	1678884960289	1678884963169	OK	 
REQUEST		search-doctor-by-symptom	1678884961472	1678884963499	OK	 
REQUEST		search-doctor-by-symptom	1678884960884	1678884963641	OK	 
REQUEST		search-doctor-by-symptom	1678884961107	1678884963972	OK	 
REQUEST		search-doctor-by-symptom-and-pincode	1678884962159	1678884965847	OK	 
USER	Login1	END	1678884965852
REQUEST		search-doctor-by-symptom-and-pincode	1678884962485	1678884966027	OK	 
USER	Login6	END	1678884966030
REQUEST		search-doctor-by-symptom-and-pincode	1678884962341	1678884966182	OK	 
USER	Login8	END	1678884966190
REQUEST		search-doctor-by-symptom-and-pincode	1678884962492	1678884966561	OK	 
USER	Login7	END	1678884966565
REQUEST		search-doctor-by-symptom-and-pincode	1678884963012	1678884966724	OK	 
USER	Login10	END	1678884966728
REQUEST		search-doctor-by-symptom-and-pincode	1678884962654	1678884967209	OK	 
USER	Login5	END	1678884967212
REQUEST		search-doctor-by-symptom-and-pincode	1678884963973	1678884967449	OK	 
REQUEST		search-doctor-by-symptom-and-pincode	1678884963170	1678884967458	OK	 
USER	Login9	END	1678884967463
USER	Login2	END	1678884967463
REQUEST		search-doctor-by-symptom-and-pincode	1678884963500	1678884967633	OK	 
USER	Login3	END	1678884967637
REQUEST		search-doctor-by-symptom-and-pincode	1678884963642	1678884967666	OK	 
USER	Login4	END	1678884967668
